[ 2025-02-07 13:11:49,709 ] 23 root - INFO - Initialized Data Ingestion with config: <customer_churn.entity.config_entity.DataIngestionConfig object at 0x0000027A940D31D0>
[ 2025-02-07 13:11:49,710 ] 18 root - INFO - Initiate the data ingestion
[ 2025-02-07 13:11:49,711 ] 107 root - INFO - Starting data ingestion process...
[ 2025-02-07 13:11:49,711 ] 109 root - INFO - Fetching data from MongoDB...
[ 2025-02-07 13:11:49,711 ] 32 root - INFO - Connecting to MongoDB...
[ 2025-02-07 13:11:50,214 ] 38 root - INFO - Fetching data from MongoDB: Database = UDAYML, Collection = CustomerChurn
[ 2025-02-07 13:11:52,771 ] 45 root - INFO - Dropping '_id' column from DataFrame
[ 2025-02-07 13:11:52,852 ] 49 root - INFO - Exported 7043 rows from MongoDB successfully.
[ 2025-02-07 13:11:52,855 ] 112 root - INFO - Saving raw data to feature store...
[ 2025-02-07 13:11:52,855 ] 62 root - INFO - Creating feature store directory: Artifacts\02_07_2025_13_11_36\data_ingestion\feature_store\Telecome_Churn_Data
[ 2025-02-07 13:11:52,858 ] 65 root - INFO - Saving raw data to feature store at: Artifacts\02_07_2025_13_11_36\data_ingestion\feature_store\Telecome_Churn_Data/WA_Fn-UseC_-Telco-Customer-Churn.csv
[ 2025-02-07 13:11:52,971 ] 68 root - INFO - Data successfully saved in feature store.
[ 2025-02-07 13:11:52,971 ] 115 root - INFO - Splitting data into train and test sets...
[ 2025-02-07 13:11:52,971 ] 78 root - INFO - Performing train-test split on the dataframe...
[ 2025-02-07 13:11:52,988 ] 82 root - INFO - Train-test split completed. Train size: 5634, Test size: 1409
[ 2025-02-07 13:11:52,989 ] 85 root - INFO - Creating directory for train/test files: Artifacts\02_07_2025_13_11_36\data_ingestion\data_ingestion
[ 2025-02-07 13:11:52,989 ] 88 root - INFO - Exporting train file to: Artifacts\02_07_2025_13_11_36\data_ingestion\data_ingestion\train.csv
[ 2025-02-07 13:11:53,069 ] 93 root - INFO - Exporting test file to: Artifacts\02_07_2025_13_11_36\data_ingestion\data_ingestion\test.csv
[ 2025-02-07 13:11:53,097 ] 98 root - INFO - Train and test files exported successfully.
[ 2025-02-07 13:11:53,101 ] 118 root - INFO - Creating DataIngestionArtifact...
[ 2025-02-07 13:11:53,101 ] 124 root - INFO - Data ingestion process completed successfully.
[ 2025-02-07 13:11:53,113 ] 20 root - INFO - Data Ingestion Completed
[ 2025-02-07 13:11:53,115 ] 14 root - INFO - Initializing DataValidation component.
[ 2025-02-07 13:11:53,115 ] 17 root - INFO - Reading schema configuration from: data_schema\schema.yaml
[ 2025-02-07 13:11:53,135 ] 19 root - INFO - Schema configuration loaded successfully.
[ 2025-02-07 13:11:53,135 ] 26 root - INFO - Initiate data validation
[ 2025-02-07 13:11:53,136 ] 130 root - INFO - Starting data validation process.
[ 2025-02-07 13:11:53,136 ] 27 root - INFO - Reading data from file: Artifacts\02_07_2025_13_11_36\data_ingestion\data_ingestion\train.csv
[ 2025-02-07 13:11:53,213 ] 27 root - INFO - Reading data from file: Artifacts\02_07_2025_13_11_36\data_ingestion\data_ingestion\test.csv
[ 2025-02-07 13:11:53,322 ] 133 root - INFO - Training and testing datasets loaded successfully.
[ 2025-02-07 13:11:53,323 ] 35 root - INFO - Validating number of columns in the dataset.
[ 2025-02-07 13:11:53,323 ] 38 root - INFO - Column validation successful.
[ 2025-02-07 13:11:53,323 ] 35 root - INFO - Validating number of columns in the dataset.
[ 2025-02-07 13:11:53,323 ] 38 root - INFO - Column validation successful.
[ 2025-02-07 13:11:53,323 ] 48 root - INFO - Validating missing values in the dataset.
[ 2025-02-07 13:11:53,333 ] 52 root - INFO - No missing values found.
[ 2025-02-07 13:11:53,333 ] 48 root - INFO - Validating missing values in the dataset.
[ 2025-02-07 13:11:53,336 ] 52 root - INFO - No missing values found.
[ 2025-02-07 13:11:53,336 ] 60 root - INFO - Validating uniqueness of customerID in the dataset.
[ 2025-02-07 13:11:53,340 ] 64 root - INFO - All customerID values are unique.
[ 2025-02-07 13:11:53,341 ] 72 root - INFO - Validating categorical values in the dataset.
[ 2025-02-07 13:11:53,357 ] 77 root - INFO - All categorical values are valid.
[ 2025-02-07 13:11:53,358 ] 148 root - INFO - Checking for dataset drift between training and testing datasets.
[ 2025-02-07 13:11:53,358 ] 101 root - INFO - Detecting dataset drift between base and current datasets.
[ 2025-02-07 13:11:53,901 ] 120 root - INFO - Saving drift report to: Artifacts\02_07_2025_13_11_36\data_validation\drift_report\report.yaml
[ 2025-02-07 13:11:53,910 ] 122 root - INFO - Dataset drift detection completed. Drift status: True
[ 2025-02-07 13:11:53,911 ] 152 root - INFO - Directory created for validated data: Artifacts\02_07_2025_13_11_36\data_validation\validated
[ 2025-02-07 13:11:53,911 ] 154 root - INFO - Saving validated training and testing datasets.
[ 2025-02-07 13:11:53,990 ] 157 root - INFO - Validated datasets saved successfully.
[ 2025-02-07 13:11:53,992 ] 28 root - INFO - Data Validation Completed
[ 2025-02-07 13:11:53,993 ] 31 root - INFO - data Transformation started
[ 2025-02-07 13:11:53,993 ] 25 root - INFO - Initializing DataTransformation class
[ 2025-02-07 13:11:53,993 ] 28 root - INFO - DataTransformation class initialized successfully
[ 2025-02-07 13:11:53,993 ] 101 root - INFO - Entered initiate_data_transformation method of DataTransformation class
[ 2025-02-07 13:11:53,993 ] 103 root - INFO - Starting data transformation process
[ 2025-02-07 13:11:53,994 ] 106 root - INFO - Reading training and testing data
[ 2025-02-07 13:11:53,994 ] 36 root - INFO - Reading data from file: Artifacts\02_07_2025_13_11_36\data_validation\validated\train.csv
[ 2025-02-07 13:11:54,046 ] 38 root - INFO - Data read successfully with shape: (5634, 21)
[ 2025-02-07 13:11:54,046 ] 41 root - INFO - Dropping 'customerID' column as it is irrelevant
[ 2025-02-07 13:11:54,049 ] 43 root - INFO - 'customerID' column dropped successfully
[ 2025-02-07 13:11:54,049 ] 46 root - INFO - Converting 'TotalCharges' column to numeric
[ 2025-02-07 13:11:54,057 ] 48 root - INFO - 'TotalCharges' column converted to numeric successfully
[ 2025-02-07 13:11:54,057 ] 51 root - INFO - Dropping rows where 'tenure' is 0
[ 2025-02-07 13:11:54,060 ] 53 root - INFO - Rows with 'tenure' == 0 dropped. Updated data shape: (5628, 20)
[ 2025-02-07 13:11:54,060 ] 36 root - INFO - Reading data from file: Artifacts\02_07_2025_13_11_36\data_validation\validated\test.csv
[ 2025-02-07 13:11:54,141 ] 38 root - INFO - Data read successfully with shape: (1409, 21)
[ 2025-02-07 13:11:54,142 ] 41 root - INFO - Dropping 'customerID' column as it is irrelevant
[ 2025-02-07 13:11:54,143 ] 43 root - INFO - 'customerID' column dropped successfully
[ 2025-02-07 13:11:54,143 ] 46 root - INFO - Converting 'TotalCharges' column to numeric
[ 2025-02-07 13:11:54,145 ] 48 root - INFO - 'TotalCharges' column converted to numeric successfully
[ 2025-02-07 13:11:54,145 ] 51 root - INFO - Dropping rows where 'tenure' is 0
[ 2025-02-07 13:11:54,146 ] 53 root - INFO - Rows with 'tenure' == 0 dropped. Updated data shape: (1404, 20)
[ 2025-02-07 13:11:54,147 ] 109 root - INFO - Training data shape: (5628, 20), Testing data shape: (1404, 20)
[ 2025-02-07 13:11:54,147 ] 112 root - INFO - Splitting input and target features
[ 2025-02-07 13:11:54,158 ] 118 root - INFO - Input and target features split successfully
[ 2025-02-07 13:11:54,158 ] 121 root - INFO - Getting the preprocessor object
[ 2025-02-07 13:11:54,158 ] 61 root - INFO - Entered get_data_transformer_object method of DataTransformation class
[ 2025-02-07 13:11:54,159 ] 71 root - INFO - Identified numerical features: ['tenure', 'MonthlyCharges', 'TotalCharges']
[ 2025-02-07 13:11:54,159 ] 72 root - INFO - Identified categorical features: ['gender', 'SeniorCitizen', 'Partner', 'Dependents', 'PhoneService', 'MultipleLines', 'InternetService', 'OnlineSecurity', 'OnlineBackup', 'DeviceProtection', 'TechSupport', 'StreamingTV', 'StreamingMovies', 'Contract', 'PaperlessBilling', 'PaymentMethod']
[ 2025-02-07 13:11:54,159 ] 79 root - INFO - Numerical pipeline created with KNNImputer and StandardScaler
[ 2025-02-07 13:11:54,159 ] 85 root - INFO - Categorical pipeline created with OneHotEncoder
[ 2025-02-07 13:11:54,159 ] 92 root - INFO - ColumnTransformer created with numerical and categorical pipelines
[ 2025-02-07 13:11:54,159 ] 94 root - INFO - Exiting get_data_transformer_object method of DataTransformation class
[ 2025-02-07 13:11:54,226 ] 124 root - INFO - Preprocessor object fitted successfully
[ 2025-02-07 13:11:54,226 ] 127 root - INFO - Transforming input features
[ 2025-02-07 13:11:54,283 ] 130 root - INFO - Input features transformed successfully
[ 2025-02-07 13:11:54,284 ] 132 root - INFO - Aplaying SMOTE Over sampling...
[ 2025-02-07 13:11:54,729 ] 136 root - INFO - SMOTE Over sampling is applied
[ 2025-02-07 13:11:54,729 ] 139 root - INFO - Combining transformed features with target features
[ 2025-02-07 13:11:54,731 ] 142 root - INFO - Transformed data combined with target features
[ 2025-02-07 13:11:54,732 ] 145 root - INFO - Saving transformed data
[ 2025-02-07 13:11:54,739 ] 148 root - INFO - Transformed data saved successfully
[ 2025-02-07 13:11:54,740 ] 151 root - INFO - Saving preprocessor object
[ 2025-02-07 13:11:54,740 ] 48 root - INFO - Entered the save_object method of MainUtils class
[ 2025-02-07 13:11:54,744 ] 52 root - INFO - Exited the save_object method of MainUtils class
[ 2025-02-07 13:11:54,744 ] 48 root - INFO - Entered the save_object method of MainUtils class
[ 2025-02-07 13:11:54,747 ] 52 root - INFO - Exited the save_object method of MainUtils class
[ 2025-02-07 13:11:54,747 ] 154 root - INFO - Preprocessor object saved successfully
[ 2025-02-07 13:11:54,748 ] 157 root - INFO - Preparing DataTransformationArtifact
[ 2025-02-07 13:11:54,748 ] 163 root - INFO - DataTransformationArtifact prepared successfully
[ 2025-02-07 13:11:54,748 ] 165 root - INFO - Exiting initiate_data_transformation method of DataTransformation class
[ 2025-02-07 13:11:54,752 ] 35 root - INFO - data Transformation completed
[ 2025-02-07 13:11:54,752 ] 37 root - INFO - Model Training sstared
[ 2025-02-07 13:15:09,485 ] 48 root - INFO - Entered the save_object method of MainUtils class
[ 2025-02-07 13:15:09,515 ] 52 root - INFO - Exited the save_object method of MainUtils class
[ 2025-02-07 13:15:09,516 ] 48 root - INFO - Entered the save_object method of MainUtils class
[ 2025-02-07 13:15:09,521 ] 52 root - INFO - Exited the save_object method of MainUtils class
[ 2025-02-07 13:15:09,522 ] 120 root - INFO - Model trainer artifact: ModelTrainerArtifact(trained_model_file_path='Artifacts\\02_07_2025_13_11_36\\model_trainer\\trained_model\\model.pkl', train_metric_artifact=ClassificationMetricArtifact(f1_score=0.8602480803307738, precision_score=0.8389400921658986, recall_score=0.8826666666666667), test_metric_artifact=ClassificationMetricArtifact(f1_score=0.6283524904214559, precision_score=0.5899280575539568, recall_score=0.6721311475409836))
[ 2025-02-07 13:15:09,530 ] 41 root - INFO - Model Training artifact created
