[ 2025-02-10 21:30:07,376 ] 160 numexpr.utils - INFO - NumExpr defaulting to 8 threads.
[ 2025-02-10 21:30:58,977 ] 38 root - INFO - Start data Ingestion
[ 2025-02-10 21:30:58,977 ] 23 root - INFO - Initialized Data Ingestion with config: <customer_churn.entity.config_entity.DataIngestionConfig object at 0x00000218FEF2D580>
[ 2025-02-10 21:30:58,977 ] 105 root - INFO - Starting data ingestion process...
[ 2025-02-10 21:30:58,977 ] 107 root - INFO - Fetching data from MongoDB...
[ 2025-02-10 21:30:58,977 ] 32 root - INFO - Connecting to MongoDB...
[ 2025-02-10 21:30:59,427 ] 38 root - INFO - Fetching data from MongoDB: Database = UDAYML, Collection = CustomerChurn
[ 2025-02-10 21:31:01,709 ] 45 root - INFO - Dropping '_id' column from DataFrame
[ 2025-02-10 21:31:01,743 ] 110 root - INFO - Saving raw data to feature store...
[ 2025-02-10 21:31:01,743 ] 60 root - INFO - Creating feature store directory: Artifacts\02_10_2025_21_30_07\data_ingestion\feature_store\Telecome_Churn_Data
[ 2025-02-10 21:31:01,743 ] 63 root - INFO - Saving raw data to feature store at: Artifacts\02_10_2025_21_30_07\data_ingestion\feature_store\Telecome_Churn_Data/WA_Fn-UseC_-Telco-Customer-Churn.csv
[ 2025-02-10 21:31:01,793 ] 66 root - INFO - Data successfully saved in feature store.
[ 2025-02-10 21:31:01,793 ] 113 root - INFO - Splitting data into train and test sets...
[ 2025-02-10 21:31:01,793 ] 76 root - INFO - Performing train-test split on the dataframe...
[ 2025-02-10 21:31:01,810 ] 80 root - INFO - Train-test split completed. Train size: 5634, Test size: 1409
[ 2025-02-10 21:31:01,810 ] 83 root - INFO - Creating directory for train/test files: Artifacts\02_10_2025_21_30_07\data_ingestion\data_ingestion
[ 2025-02-10 21:31:01,810 ] 86 root - INFO - Exporting train file to: Artifacts\02_10_2025_21_30_07\data_ingestion\data_ingestion\train.csv
[ 2025-02-10 21:31:01,860 ] 91 root - INFO - Exporting test file to: Artifacts\02_10_2025_21_30_07\data_ingestion\data_ingestion\test.csv
[ 2025-02-10 21:31:01,876 ] 96 root - INFO - Train and test files exported successfully.
[ 2025-02-10 21:31:01,876 ] 116 root - INFO - Creating DataIngestionArtifact...
[ 2025-02-10 21:31:01,876 ] 122 root - INFO - Data ingestion process completed successfully.
[ 2025-02-10 21:31:01,876 ] 41 root - INFO - Data Ingestion completed and artifact: DataIngestionArtifact(trained_file_path='Artifacts\\02_10_2025_21_30_07\\data_ingestion\\data_ingestion\\train.csv', test_file_path='Artifacts\\02_10_2025_21_30_07\\data_ingestion\\data_ingestion\\test.csv')
[ 2025-02-10 21:31:01,876 ] 14 root - INFO - Initializing DataValidation component.
[ 2025-02-10 21:31:01,876 ] 17 root - INFO - Reading schema configuration from: data_schema\schema.yaml
[ 2025-02-10 21:31:01,893 ] 19 root - INFO - Schema configuration loaded successfully.
[ 2025-02-10 21:31:01,893 ] 51 root - INFO - Initiate the data Validation
[ 2025-02-10 21:31:01,893 ] 130 root - INFO - Starting data validation process.
[ 2025-02-10 21:31:01,893 ] 27 root - INFO - Reading data from file: Artifacts\02_10_2025_21_30_07\data_ingestion\data_ingestion\train.csv
[ 2025-02-10 21:31:01,944 ] 27 root - INFO - Reading data from file: Artifacts\02_10_2025_21_30_07\data_ingestion\data_ingestion\test.csv
[ 2025-02-10 21:31:01,973 ] 133 root - INFO - Training and testing datasets loaded successfully.
[ 2025-02-10 21:31:01,973 ] 35 root - INFO - Validating number of columns in the dataset.
[ 2025-02-10 21:31:01,975 ] 38 root - INFO - Column validation successful.
[ 2025-02-10 21:31:01,975 ] 35 root - INFO - Validating number of columns in the dataset.
[ 2025-02-10 21:31:01,975 ] 38 root - INFO - Column validation successful.
[ 2025-02-10 21:31:01,975 ] 60 root - INFO - Validating uniqueness of customerID in the dataset.
[ 2025-02-10 21:31:01,977 ] 64 root - INFO - All customerID values are unique.
[ 2025-02-10 21:31:01,978 ] 72 root - INFO - Validating categorical values in the dataset.
[ 2025-02-10 21:31:01,978 ] 77 root - INFO - All categorical values are valid.
[ 2025-02-10 21:31:01,978 ] 148 root - INFO - Checking for dataset drift between training and testing datasets.
[ 2025-02-10 21:31:01,978 ] 101 root - INFO - Detecting dataset drift between base and current datasets.
[ 2025-02-10 21:31:02,327 ] 120 root - INFO - Saving drift report to: Artifacts\02_10_2025_21_30_07\data_validation\drift_report\report.yaml
[ 2025-02-10 21:31:02,327 ] 122 root - INFO - Dataset drift detection completed. Drift status: True
[ 2025-02-10 21:31:02,327 ] 152 root - INFO - Directory created for validated data: Artifacts\02_10_2025_21_30_07\data_validation\validated
[ 2025-02-10 21:31:02,327 ] 154 root - INFO - Saving validated training and testing datasets.
[ 2025-02-10 21:31:02,408 ] 157 root - INFO - Validated datasets saved successfully.
[ 2025-02-10 21:31:02,410 ] 25 root - INFO - Initializing DataTransformation class
[ 2025-02-10 21:31:02,410 ] 28 root - INFO - DataTransformation class initialized successfully
[ 2025-02-10 21:31:02,410 ] 99 root - INFO - Entered initiate_data_transformation method of DataTransformation class
[ 2025-02-10 21:31:02,410 ] 101 root - INFO - Starting data transformation process
[ 2025-02-10 21:31:02,410 ] 104 root - INFO - Reading training and testing data
[ 2025-02-10 21:31:02,488 ] 107 root - INFO - Training data shape: (5634, 21), Testing data shape: (1409, 21)
[ 2025-02-10 21:31:02,488 ] 110 root - INFO - Splitting input and target features
[ 2025-02-10 21:31:02,611 ] 116 root - INFO - Input and target features split successfully
[ 2025-02-10 21:31:02,611 ] 119 root - INFO - Getting the preprocessor object
[ 2025-02-10 21:31:02,611 ] 54 root - INFO - Entered get_data_transformer_object method of DataTransformation class
[ 2025-02-10 21:31:02,611 ] 64 root - INFO - Identified numerical features: ['tenure', 'MonthlyCharges', 'TotalCharges']
[ 2025-02-10 21:31:02,611 ] 65 root - INFO - Identified categorical features: ['gender', 'SeniorCitizen', 'Partner', 'Dependents', 'PhoneService', 'MultipleLines', 'InternetService', 'OnlineSecurity', 'OnlineBackup', 'DeviceProtection', 'TechSupport', 'StreamingTV', 'StreamingMovies', 'Contract', 'PaperlessBilling', 'PaymentMethod']
[ 2025-02-10 21:31:02,611 ] 76 root - INFO - Numerical pipeline created with custom preprocessing, KNNImputer, and StandardScaler
[ 2025-02-10 21:31:02,611 ] 82 root - INFO - Categorical pipeline created with OneHotEncoder
[ 2025-02-10 21:31:02,611 ] 89 root - INFO - ColumnTransformer created with custom preprocessor, numerical, and categorical pipelines
[ 2025-02-10 21:31:02,611 ] 91 root - INFO - Exiting get_data_transformer_object method of DataTransformation class
[ 2025-02-10 21:31:02,727 ] 122 root - INFO - Preprocessor object fitted successfully
[ 2025-02-10 21:31:02,727 ] 125 root - INFO - Transforming input features
[ 2025-02-10 21:31:02,806 ] 128 root - INFO - Input features transformed successfully
[ 2025-02-10 21:31:02,806 ] 130 root - INFO - Applying SMOTE Over sampling...
[ 2025-02-10 21:31:03,231 ] 134 root - INFO - SMOTE Over sampling is applied
[ 2025-02-10 21:31:03,231 ] 137 root - INFO - Combining transformed features with target features
[ 2025-02-10 21:31:03,231 ] 140 root - INFO - Transformed data combined with target features
[ 2025-02-10 21:31:03,231 ] 143 root - INFO - Saving transformed data
[ 2025-02-10 21:31:03,310 ] 146 root - INFO - Transformed data saved successfully
[ 2025-02-10 21:31:03,310 ] 149 root - INFO - Saving preprocessor object
[ 2025-02-10 21:31:03,310 ] 48 root - INFO - Entered the save_object method of MainUtils class
[ 2025-02-10 21:31:03,310 ] 52 root - INFO - Exited the save_object method of MainUtils class
[ 2025-02-10 21:31:03,310 ] 151 root - INFO - Preprocessor object saved successfully
[ 2025-02-10 21:31:03,310 ] 154 root - INFO - Preparing DataTransformationArtifact
[ 2025-02-10 21:31:03,310 ] 160 root - INFO - DataTransformationArtifact prepared successfully
[ 2025-02-10 21:31:03,310 ] 162 root - INFO - Exiting initiate_data_transformation method of DataTransformation class
[ 2025-02-10 21:33:45,069 ] 48 root - INFO - Entered the save_object method of MainUtils class
[ 2025-02-10 21:33:46,764 ] 52 root - INFO - Exited the save_object method of MainUtils class
[ 2025-02-10 21:33:46,765 ] 48 root - INFO - Entered the save_object method of MainUtils class
[ 2025-02-10 21:33:46,883 ] 52 root - INFO - Exited the save_object method of MainUtils class
[ 2025-02-10 21:33:46,883 ] 127 root - INFO - Model trainer artifact: ModelTrainerArtifact(trained_model_file_path='Artifacts\\02_10_2025_21_30_07\\model_trainer\\trained_model\\model.pkl', train_metric_artifact=ClassificationMetricArtifact(f1_score=0.991064960154552, precision_score=0.9832295160517489, recall_score=0.9990262901655307), test_metric_artifact=ClassificationMetricArtifact(f1_score=0.5742296918767507, precision_score=0.5525606469002695, recall_score=0.597667638483965))
